<?xml version="1.0" encoding="UTF-8"?>
<!-- Generated by org.testng.reporters.JUnitReportReporter -->
<testsuite skipped="0" hostname="LAPTOP-RB3FROOF" name="testngpack.Class1" tests="1" failures="0" timestamp="2022-08-25T15:09:36 IST" time="9.990" errors="0">
  <testcase name="launchGoogle1" time="9.990" classname="testngpack.Class1"/>
  <system-out/>
</testsuite> <!-- testngpack.Class1 -->
