<?xml version="1.0" encoding="UTF-8"?>
<!-- Generated by org.testng.reporters.JUnitReportReporter -->
<testsuite skipped="0" hostname="LAPTOP-RB3FROOF" name="qsp.NewDemo" tests="1" failures="0" timestamp="2022-08-25T09:06:41 IST" time="7.565" errors="0">
  <testcase name="ActitimeTest" time="7.565" classname="qsp.NewDemo"/>
  <system-out>
    <![CDATA[login page title is verified
login button is enabled]]>
  </system-out>
</testsuite> <!-- qsp.NewDemo -->
