<?xml version="1.0" encoding="UTF-8"?>
<!-- Generated by org.testng.reporters.JUnitReportReporter -->
<testsuite skipped="0" hostname="LAPTOP-RB3FROOF" name="testngpack.Class3" tests="1" failures="0" timestamp="2022-08-24T07:44:57 IST" time="17.061" errors="0">
  <testcase name="launchGoogle1" time="17.061" classname="testngpack.Class3"/>
  <system-out/>
</testsuite> <!-- testngpack.Class3 -->
