<?xml version="1.0" encoding="UTF-8"?>
<!-- Generated by org.testng.reporters.JUnitReportReporter -->
<testsuite skipped="0" hostname="LAPTOP-RB3FROOF" name="testngpack.TestActiTime1" tests="2" failures="0" timestamp="2022-08-24T09:15:13 IST" time="15.243" errors="0">
  <testcase name="logintoActiTime" time="5.661" classname="testngpack.TestActiTime1"/>
  <system-out/>
  <testcase name="actiTimeLogout" time="9.582" classname="testngpack.TestActiTime1"/>
  <system-out/>
</testsuite> <!-- testngpack.TestActiTime1 -->
