<?xml version="1.0" encoding="UTF-8"?>
<!-- Generated by org.testng.reporters.JUnitReportReporter -->
<testsuite skipped="0" hostname="LAPTOP-RB3FROOF" name="testngpack.Remo" tests="1" failures="0" timestamp="2022-08-19T09:43:40 IST" time="0.002" errors="0">
  <testcase name="Remomethod" time="0.002" classname="testngpack.Remo"/>
  <system-out>
    <![CDATA[remo method bye]]>
  </system-out>
</testsuite> <!-- testngpack.Remo -->
