<?xml version="1.0" encoding="UTF-8"?>
<!-- Generated by org.testng.reporters.JUnitReportReporter -->
<testsuite skipped="0" hostname="LAPTOP-RB3FROOF" name="testngpack.Sumo" tests="1" failures="0" timestamp="2022-08-19T09:43:40 IST" time="0.002" errors="0">
  <testcase name="sumomethod" time="0.002" classname="testngpack.Sumo"/>
  <system-out>
    <![CDATA[bye]]>
  </system-out>
</testsuite> <!-- testngpack.Sumo -->
