<?xml version="1.0" encoding="UTF-8"?>
<!-- Generated by org.testng.reporters.JUnitReportReporter -->
<testsuite skipped="0" hostname="LAPTOP-RB3FROOF" name="testngpack.ActitmeTest" tests="3" failures="0" timestamp="2022-08-29T13:56:40 IST" time="0.024" errors="0">
  <testcase name="loginActiTime" time="0.013" classname="testngpack.ActitmeTest"/>
  <system-out>
    <![CDATA[Login ActiTime]]>
  </system-out>
  <testcase name="createUserActiTime" time="0.002" classname="testngpack.ActitmeTest"/>
  <system-out>
    <![CDATA[Create User ]]>
  </system-out>
  <testcase name="logoutActiTime" time="0.009" classname="testngpack.ActitmeTest"/>
  <system-out>
    <![CDATA[logout Actitime ]]>
  </system-out>
</testsuite> <!-- testngpack.ActitmeTest -->
