<?xml version="1.0" encoding="UTF-8"?>
<!-- Generated by org.testng.reporters.JUnitReportReporter -->
<testsuite skipped="0" hostname="LAPTOP-RB3FROOF" name="testngpack.Flag1" tests="2" failures="0" timestamp="2022-08-24T09:21:27 IST" time="0.015" errors="0">
  <testcase name="InvalidActitmeTest" time="0.014" classname="testngpack.Flag1"/>
  <system-out>
    <![CDATA[invalid login is perform]]>
  </system-out>
  <testcase name="validActitmeTest" time="0.001" classname="testngpack.Flag1"/>
  <system-out>
    <![CDATA[valid login is perform]]>
  </system-out>
</testsuite> <!-- testngpack.Flag1 -->
