<?xml version="1.0" encoding="UTF-8"?>
<!-- Generated by org.testng.reporters.JUnitReportReporter -->
<testsuite skipped="0" hostname="LAPTOP-RB3FROOF" name="testngpack.Demo" tests="1" failures="0" timestamp="2022-08-18T14:51:56 IST" time="0.014" errors="0">
  <testcase name="f" time="0.014" classname="testngpack.Demo"/>
  <system-out>
    <![CDATA[hiiii]]>
  </system-out>
</testsuite> <!-- testngpack.Demo -->
