<?xml version="1.0" encoding="UTF-8"?>
<!-- Generated by org.testng.reporters.JUnitReportReporter -->
<testsuite skipped="0" hostname="LAPTOP-RB3FROOF" name="qsp.Demo" tests="5" failures="0" timestamp="2022-08-24T09:32:43 IST" time="0.013" errors="0">
  <testcase name="e" time="0.008" classname="qsp.Demo"/>
  <system-out>
    <![CDATA[e method]]>
  </system-out>
  <testcase name="b" time="0.002" classname="qsp.Demo"/>
  <system-out>
    <![CDATA[b method]]>
  </system-out>
  <testcase name="d" time="0.001" classname="qsp.Demo"/>
  <system-out>
    <![CDATA[d method]]>
  </system-out>
  <testcase name="c" time="0.000" classname="qsp.Demo"/>
  <system-out>
    <![CDATA[c method]]>
  </system-out>
  <testcase name="a" time="0.002" classname="qsp.Demo"/>
  <system-out>
    <![CDATA[a method]]>
  </system-out>
</testsuite> <!-- qsp.Demo -->
