<?xml version="1.0" encoding="UTF-8"?>
<!-- Generated by org.testng.reporters.JUnitReportReporter -->
<testsuite skipped="0" hostname="LAPTOP-RB3FROOF" name="testngpack.Flag8" tests="2" failures="0" timestamp="2022-08-24T09:50:28 IST" time="17.259" errors="0">
  <testcase name="loginActiTime" time="10.590" classname="testngpack.Flag8"/>
  <system-out/>
  <testcase name="loginActiTime" time="6.669" classname="testngpack.Flag8"/>
  <system-out/>
</testsuite> <!-- testngpack.Flag8 -->
